[2020-10-28 09:29:10,956] SEVERE {b7a.log.crash} - null 
java.lang.NullPointerException
	at java.base/jdk.internal.reflect.NativeConstructorAccessorImpl.newInstance0(Native Method)
	at java.base/jdk.internal.reflect.NativeConstructorAccessorImpl.newInstance(Unknown Source)
	at java.base/jdk.internal.reflect.DelegatingConstructorAccessorImpl.newInstance(Unknown Source)
	at java.base/java.lang.reflect.Constructor.newInstance(Unknown Source)
	at java.base/java.util.concurrent.ForkJoinTask.getThrowableException(Unknown Source)
	at java.base/java.util.concurrent.ForkJoinTask.reportException(Unknown Source)
	at java.base/java.util.concurrent.ForkJoinTask.invoke(Unknown Source)
	at java.base/java.util.stream.ForEachOps$ForEachOp.evaluateParallel(Unknown Source)
	at java.base/java.util.stream.ForEachOps$ForEachOp$OfRef.evaluateParallel(Unknown Source)
	at java.base/java.util.stream.AbstractPipeline.evaluate(Unknown Source)
	at java.base/java.util.stream.ReferencePipeline.forEach(Unknown Source)
	at java.base/java.util.stream.ReferencePipeline$Head.forEach(Unknown Source)
	at org.wso2.ballerinalang.compiler.bir.codegen.JvmPackageGen.generateModuleClasses(JvmPackageGen.java:457)
	at org.wso2.ballerinalang.compiler.bir.codegen.JvmPackageGen.generate(JvmPackageGen.java:445)
	at org.wso2.ballerinalang.compiler.bir.codegen.CodeGenerator.generate(CodeGenerator.java:158)
	at org.wso2.ballerinalang.compiler.bir.codegen.CodeGenerator.generate(CodeGenerator.java:128)
	at org.wso2.ballerinalang.compiler.CompilerDriver.codeGen(CompilerDriver.java:327)
	at org.wso2.ballerinalang.compiler.CompilerDriver.compile(CompilerDriver.java:323)
	at org.wso2.ballerinalang.compiler.CompilerDriver.compilePackageSymbol(CompilerDriver.java:260)
	at org.wso2.ballerinalang.compiler.CompilerDriver.compilePackage(CompilerDriver.java:143)
	at org.wso2.ballerinalang.compiler.Compiler.compilePackages(Compiler.java:176)
	at org.wso2.ballerinalang.compiler.Compiler.compilePackages(Compiler.java:147)
	at org.ballerinalang.packerina.task.CompileTask.execute(CompileTask.java:66)
	at org.ballerinalang.packerina.TaskExecutor.executeTasks(TaskExecutor.java:38)
	at org.ballerinalang.packerina.cmd.BuildCommand.execute(BuildCommand.java:435)
	at java.base/java.util.Optional.ifPresent(Unknown Source)
	at org.ballerinalang.tool.Main.main(Main.java:57)
Caused by: java.lang.NullPointerException
	at org.wso2.ballerinalang.compiler.bir.codegen.JvmTerminatorGen.genStaticCall(JvmTerminatorGen.java:727)
	at org.wso2.ballerinalang.compiler.bir.codegen.JvmTerminatorGen.genFuncCall(JvmTerminatorGen.java:689)
	at org.wso2.ballerinalang.compiler.bir.codegen.JvmTerminatorGen.genCall(JvmTerminatorGen.java:672)
	at org.wso2.ballerinalang.compiler.bir.codegen.JvmTerminatorGen.genCallTerm(JvmTerminatorGen.java:432)
	at org.wso2.ballerinalang.compiler.bir.codegen.JvmTerminatorGen.genTerminator(JvmTerminatorGen.java:280)
	at org.wso2.ballerinalang.compiler.bir.codegen.JvmMethodGen.generateBasicBlocks(JvmMethodGen.java:1283)
	at org.wso2.ballerinalang.compiler.bir.codegen.JvmMethodGen.genJMethodForBFunc(JvmMethodGen.java:288)
	at org.wso2.ballerinalang.compiler.bir.codegen.JvmMethodGen.generateMethod(JvmMethodGen.java:2220)
	at org.wso2.ballerinalang.compiler.bir.codegen.JvmPackageGen.lambda$generateModuleClasses$0(JvmPackageGen.java:505)
	at java.base/java.util.stream.ForEachOps$ForEachOp$OfRef.accept(Unknown Source)
	at java.base/java.util.HashMap$EntrySpliterator.forEachRemaining(Unknown Source)
	at java.base/java.util.stream.AbstractPipeline.copyInto(Unknown Source)
	at java.base/java.util.stream.ForEachOps$ForEachTask.compute(Unknown Source)
	at java.base/java.util.concurrent.CountedCompleter.exec(Unknown Source)
	at java.base/java.util.concurrent.ForkJoinTask.doExec(Unknown Source)
	at java.base/java.util.concurrent.ForkJoinPool$WorkQueue.topLevelExec(Unknown Source)
	at java.base/java.util.concurrent.ForkJoinPool.scan(Unknown Source)
	at java.base/java.util.concurrent.ForkJoinPool.runWorker(Unknown Source)
	at java.base/java.util.concurrent.ForkJoinWorkerThread.run(Unknown Source)
 
[2020-10-28 09:29:44,610] SEVERE {b7a.log.crash} - null 
java.lang.NullPointerException
	at java.base/jdk.internal.reflect.NativeConstructorAccessorImpl.newInstance0(Native Method)
	at java.base/jdk.internal.reflect.NativeConstructorAccessorImpl.newInstance(Unknown Source)
	at java.base/jdk.internal.reflect.DelegatingConstructorAccessorImpl.newInstance(Unknown Source)
	at java.base/java.lang.reflect.Constructor.newInstance(Unknown Source)
	at java.base/java.util.concurrent.ForkJoinTask.getThrowableException(Unknown Source)
	at java.base/java.util.concurrent.ForkJoinTask.reportException(Unknown Source)
	at java.base/java.util.concurrent.ForkJoinTask.invoke(Unknown Source)
	at java.base/java.util.stream.ForEachOps$ForEachOp.evaluateParallel(Unknown Source)
	at java.base/java.util.stream.ForEachOps$ForEachOp$OfRef.evaluateParallel(Unknown Source)
	at java.base/java.util.stream.AbstractPipeline.evaluate(Unknown Source)
	at java.base/java.util.stream.ReferencePipeline.forEach(Unknown Source)
	at java.base/java.util.stream.ReferencePipeline$Head.forEach(Unknown Source)
	at org.wso2.ballerinalang.compiler.bir.codegen.JvmPackageGen.generateModuleClasses(JvmPackageGen.java:457)
	at org.wso2.ballerinalang.compiler.bir.codegen.JvmPackageGen.generate(JvmPackageGen.java:445)
	at org.wso2.ballerinalang.compiler.bir.codegen.CodeGenerator.generate(CodeGenerator.java:158)
	at org.wso2.ballerinalang.compiler.bir.codegen.CodeGenerator.generate(CodeGenerator.java:128)
	at org.wso2.ballerinalang.compiler.CompilerDriver.codeGen(CompilerDriver.java:327)
	at org.wso2.ballerinalang.compiler.CompilerDriver.compile(CompilerDriver.java:323)
	at org.wso2.ballerinalang.compiler.CompilerDriver.compilePackageSymbol(CompilerDriver.java:260)
	at org.wso2.ballerinalang.compiler.CompilerDriver.compilePackage(CompilerDriver.java:143)
	at org.wso2.ballerinalang.compiler.Compiler.compilePackages(Compiler.java:176)
	at org.wso2.ballerinalang.compiler.Compiler.compilePackages(Compiler.java:147)
	at org.ballerinalang.packerina.task.CompileTask.execute(CompileTask.java:66)
	at org.ballerinalang.packerina.TaskExecutor.executeTasks(TaskExecutor.java:38)
	at org.ballerinalang.packerina.cmd.BuildCommand.execute(BuildCommand.java:435)
	at java.base/java.util.Optional.ifPresent(Unknown Source)
	at org.ballerinalang.tool.Main.main(Main.java:57)
Caused by: java.lang.NullPointerException
	at org.wso2.ballerinalang.compiler.bir.codegen.JvmTerminatorGen.genStaticCall(JvmTerminatorGen.java:727)
	at org.wso2.ballerinalang.compiler.bir.codegen.JvmTerminatorGen.genFuncCall(JvmTerminatorGen.java:689)
	at org.wso2.ballerinalang.compiler.bir.codegen.JvmTerminatorGen.genCall(JvmTerminatorGen.java:672)
	at org.wso2.ballerinalang.compiler.bir.codegen.JvmTerminatorGen.genCallTerm(JvmTerminatorGen.java:432)
	at org.wso2.ballerinalang.compiler.bir.codegen.JvmTerminatorGen.genTerminator(JvmTerminatorGen.java:280)
	at org.wso2.ballerinalang.compiler.bir.codegen.JvmMethodGen.generateBasicBlocks(JvmMethodGen.java:1283)
	at org.wso2.ballerinalang.compiler.bir.codegen.JvmMethodGen.genJMethodForBFunc(JvmMethodGen.java:288)
	at org.wso2.ballerinalang.compiler.bir.codegen.JvmMethodGen.generateMethod(JvmMethodGen.java:2220)
	at org.wso2.ballerinalang.compiler.bir.codegen.JvmPackageGen.lambda$generateModuleClasses$0(JvmPackageGen.java:505)
	at java.base/java.util.stream.ForEachOps$ForEachOp$OfRef.accept(Unknown Source)
	at java.base/java.util.HashMap$EntrySpliterator.forEachRemaining(Unknown Source)
	at java.base/java.util.stream.AbstractPipeline.copyInto(Unknown Source)
	at java.base/java.util.stream.ForEachOps$ForEachTask.compute(Unknown Source)
	at java.base/java.util.concurrent.CountedCompleter.exec(Unknown Source)
	at java.base/java.util.concurrent.ForkJoinTask.doExec(Unknown Source)
	at java.base/java.util.concurrent.ForkJoinPool$WorkQueue.topLevelExec(Unknown Source)
	at java.base/java.util.concurrent.ForkJoinPool.scan(Unknown Source)
	at java.base/java.util.concurrent.ForkJoinPool.runWorker(Unknown Source)
	at java.base/java.util.concurrent.ForkJoinWorkerThread.run(Unknown Source)
 
